0 info it worked if it ends with ok
1 verbose cli [ 'C:\\Program Files\\nodejs\\node.exe',
1 verbose cli   'C:\\Program Files\\nodejs\\node_modules\\npm\\bin\\npm-cli.js',
1 verbose cli   'install' ]
2 info using npm@2.15.5
3 info using node@v4.4.5
4 verbose readDependencies loading dependencies from D:\angular_auth\package.json
5 warn package.json angular_auth@1.0.0 No README data
6 verbose install where, deps [ 'D:\\angular_auth',
6 verbose install   [ 'angular',
6 verbose install     'angular-animate',
6 verbose install     'angular-aria',
6 verbose install     'angular-jwt',
6 verbose install     'angular-material',
6 verbose install     'angular-storage',
6 verbose install     'angular-ui-router',
6 verbose install     'auth0-angular' ] ]
7 verbose install where, peers [ 'D:\\angular_auth', [] ]
8 verbose installManyTop reading for lifecycle D:\angular_auth\package.json
9 info preinstall angular_auth@1.0.0
10 verbose installManyTop reading scoped package data from D:\angular_auth\node_modules\angular\package.json
11 verbose installManyTop reading scoped package data from D:\angular_auth\node_modules\angular-animate\package.json
12 verbose installManyTop reading scoped package data from D:\angular_auth\node_modules\angular-aria\package.json
13 verbose installManyTop reading scoped package data from D:\angular_auth\node_modules\angular-jwt\package.json
14 verbose installManyTop reading scoped package data from D:\angular_auth\node_modules\angular-lock\package.json
15 verbose installManyTop reading scoped package data from D:\angular_auth\node_modules\angular-material\package.json
16 verbose installManyTop reading scoped package data from D:\angular_auth\node_modules\angular-messages\package.json
17 verbose installManyTop reading scoped package data from D:\angular_auth\node_modules\angular-storage\package.json
18 verbose installManyTop reading scoped package data from D:\angular_auth\node_modules\angular-ui-router\package.json
19 verbose installManyTop reading scoped package data from D:\angular_auth\node_modules\auth0-angular\package.json
20 info package.json angular-jwt@0.1.8 No repository field.
21 info package.json angular-material@1.1.1 No license field.
22 info package.json angular-storage@0.0.15 No license field.
23 info package.json auth0-angular@4.2.7 No license field.
24 verbose readDependencies loading dependencies from D:\angular_auth\package.json
25 verbose targetResolver reading package data from D:\angular_auth\node_modules\angular\package.json
26 verbose targetResolver reading package data from D:\angular_auth\node_modules\angular-animate\package.json
27 verbose targetResolver reading package data from D:\angular_auth\node_modules\angular-aria\package.json
28 verbose targetResolver reading package data from D:\angular_auth\node_modules\angular-jwt\package.json
29 verbose targetResolver reading package data from D:\angular_auth\node_modules\angular-lock\package.json
30 verbose targetResolver reading package data from D:\angular_auth\node_modules\angular-material\package.json
31 verbose targetResolver reading package data from D:\angular_auth\node_modules\angular-messages\package.json
32 verbose targetResolver reading package data from D:\angular_auth\node_modules\angular-storage\package.json
33 verbose targetResolver reading package data from D:\angular_auth\node_modules\angular-ui-router\package.json
34 verbose targetResolver reading package data from D:\angular_auth\node_modules\auth0-angular\package.json
35 verbose already installed skipping angular-material@^1.0.9 D:\angular_auth
36 silly cache add args [ 'angular-storage@0.0.13', null ]
37 verbose cache add spec angular-storage@0.0.13
38 silly cache add parsed spec Result {
38 silly cache add   raw: 'angular-storage@0.0.13',
38 silly cache add   scope: null,
38 silly cache add   name: 'angular-storage',
38 silly cache add   rawSpec: '0.0.13',
38 silly cache add   spec: '0.0.13',
38 silly cache add   type: 'version' }
39 silly addNamed angular-storage@0.0.13
40 verbose addNamed "0.0.13" is a plain semver version for angular-storage
41 silly mapToRegistry name angular-storage
42 silly mapToRegistry using default registry
43 silly mapToRegistry registry https://registry.npmjs.org/
44 silly mapToRegistry data Result {
44 silly mapToRegistry   raw: 'angular-storage',
44 silly mapToRegistry   scope: null,
44 silly mapToRegistry   name: 'angular-storage',
44 silly mapToRegistry   rawSpec: '',
44 silly mapToRegistry   spec: 'latest',
44 silly mapToRegistry   type: 'tag' }
45 silly mapToRegistry uri https://registry.npmjs.org/angular-storage
46 verbose addNameVersion registry:https://registry.npmjs.org/angular-storage not in flight; fetching
47 silly cache add args [ 'angular-ui-router@^0.2.18', null ]
48 verbose cache add spec angular-ui-router@^0.2.18
49 silly cache add parsed spec Result {
49 silly cache add   raw: 'angular-ui-router@^0.2.18',
49 silly cache add   scope: null,
49 silly cache add   name: 'angular-ui-router',
49 silly cache add   rawSpec: '^0.2.18',
49 silly cache add   spec: '>=0.2.18 <0.3.0',
49 silly cache add   type: 'range' }
50 silly addNamed angular-ui-router@>=0.2.18 <0.3.0
51 verbose addNamed ">=0.2.18 <0.3.0" is a valid semver range for angular-ui-router
52 silly addNameRange { name: 'angular-ui-router',
52 silly addNameRange   range: '>=0.2.18 <0.3.0',
52 silly addNameRange   hasData: false }
53 silly mapToRegistry name angular-ui-router
54 silly mapToRegistry using default registry
55 silly mapToRegistry registry https://registry.npmjs.org/
56 silly mapToRegistry data Result {
56 silly mapToRegistry   raw: 'angular-ui-router',
56 silly mapToRegistry   scope: null,
56 silly mapToRegistry   name: 'angular-ui-router',
56 silly mapToRegistry   rawSpec: '',
56 silly mapToRegistry   spec: 'latest',
56 silly mapToRegistry   type: 'tag' }
57 silly mapToRegistry uri https://registry.npmjs.org/angular-ui-router
58 verbose addNameRange registry:https://registry.npmjs.org/angular-ui-router not in flight; fetching
59 verbose already installed skipping auth0-angular@^4.2.2 D:\angular_auth
60 verbose already installed skipping angular@^1.5.6 D:\angular_auth
61 verbose already installed skipping angular-animate@^1.5.6 D:\angular_auth
62 verbose already installed skipping angular-aria@^1.5.6 D:\angular_auth
63 silly cache add args [ 'angular-jwt@0.0.9', null ]
64 verbose cache add spec angular-jwt@0.0.9
65 silly cache add parsed spec Result {
65 silly cache add   raw: 'angular-jwt@0.0.9',
65 silly cache add   scope: null,
65 silly cache add   name: 'angular-jwt',
65 silly cache add   rawSpec: '0.0.9',
65 silly cache add   spec: '0.0.9',
65 silly cache add   type: 'version' }
66 silly addNamed angular-jwt@0.0.9
67 verbose addNamed "0.0.9" is a plain semver version for angular-jwt
68 silly mapToRegistry name angular-jwt
69 silly mapToRegistry using default registry
70 silly mapToRegistry registry https://registry.npmjs.org/
71 silly mapToRegistry data Result {
71 silly mapToRegistry   raw: 'angular-jwt',
71 silly mapToRegistry   scope: null,
71 silly mapToRegistry   name: 'angular-jwt',
71 silly mapToRegistry   rawSpec: '',
71 silly mapToRegistry   spec: 'latest',
71 silly mapToRegistry   type: 'tag' }
72 silly mapToRegistry uri https://registry.npmjs.org/angular-jwt
73 verbose addNameVersion registry:https://registry.npmjs.org/angular-jwt not in flight; fetching
74 verbose request uri https://registry.npmjs.org/angular-ui-router
75 verbose request no auth needed
76 info attempt registry request try #1 at 5:27:29 AM
77 verbose request id aac9e55e693ea44d
78 verbose etag W/"5873a57a-be56"
79 verbose lastModified Mon, 09 Jan 2017 15:00:10 GMT
80 http request GET https://registry.npmjs.org/angular-ui-router
81 verbose request uri https://registry.npmjs.org/angular-storage
82 verbose request no auth needed
83 info attempt registry request try #1 at 5:27:29 AM
84 verbose etag W/"57321efc-5ed0"
85 verbose lastModified Tue, 10 May 2016 17:48:44 GMT
86 http request GET https://registry.npmjs.org/angular-storage
87 verbose request uri https://registry.npmjs.org/angular-jwt
88 verbose request no auth needed
89 info attempt registry request try #1 at 5:27:29 AM
90 verbose etag W/"58243443-9378"
91 verbose lastModified Thu, 10 Nov 2016 08:48:03 GMT
92 http request GET https://registry.npmjs.org/angular-jwt
93 http 304 https://registry.npmjs.org/angular-jwt
94 verbose headers { date: 'Mon, 16 Jan 2017 23:58:07 GMT',
94 verbose headers   via: '1.1 varnish',
94 verbose headers   'cache-control': 'max-age=300',
94 verbose headers   etag: 'W/"58243443-9378"',
94 verbose headers   age: '0',
94 verbose headers   connection: 'keep-alive',
94 verbose headers   'x-served-by': 'cache-ams4443-AMS',
94 verbose headers   'x-cache': 'MISS',
94 verbose headers   'x-cache-hits': '0',
94 verbose headers   'x-timer': 'S1484611087.676191,VS0,VE7',
94 verbose headers   vary: 'Accept-Encoding' }
95 silly get cb [ 304,
95 silly get   { date: 'Mon, 16 Jan 2017 23:58:07 GMT',
95 silly get     via: '1.1 varnish',
95 silly get     'cache-control': 'max-age=300',
95 silly get     etag: 'W/"58243443-9378"',
95 silly get     age: '0',
95 silly get     connection: 'keep-alive',
95 silly get     'x-served-by': 'cache-ams4443-AMS',
95 silly get     'x-cache': 'MISS',
95 silly get     'x-cache-hits': '0',
95 silly get     'x-timer': 'S1484611087.676191,VS0,VE7',
95 silly get     vary: 'Accept-Encoding' } ]
96 verbose etag https://registry.npmjs.org/angular-jwt from cache
97 verbose get saving angular-jwt to C:\Users\yash\AppData\Roaming\npm-cache\registry.npmjs.org\angular-jwt\.cache.json
98 verbose correctMkdir C:\Users\yash\AppData\Roaming\npm-cache correctMkdir not in flight; initializing
99 silly mapToRegistry name angular-jwt
100 silly mapToRegistry using default registry
101 silly mapToRegistry registry https://registry.npmjs.org/
102 silly mapToRegistry data Result {
102 silly mapToRegistry   raw: 'angular-jwt',
102 silly mapToRegistry   scope: null,
102 silly mapToRegistry   name: 'angular-jwt',
102 silly mapToRegistry   rawSpec: '',
102 silly mapToRegistry   spec: 'latest',
102 silly mapToRegistry   type: 'tag' }
103 silly mapToRegistry uri https://registry.npmjs.org/angular-jwt
104 verbose addRemoteTarball https://registry.npmjs.org/angular-jwt/-/angular-jwt-0.0.9.tgz not in flight; adding
105 verbose addRemoteTarball [ 'https://registry.npmjs.org/angular-jwt/-/angular-jwt-0.0.9.tgz',
105 verbose addRemoteTarball   '912587b520189d28d089446c7faaf30ef7534313' ]
106 info retry fetch attempt 1 at 5:28:08 AM
107 info attempt registry request try #1 at 5:28:08 AM
108 http fetch GET https://registry.npmjs.org/angular-jwt/-/angular-jwt-0.0.9.tgz
109 http 304 https://registry.npmjs.org/angular-ui-router
110 verbose headers { date: 'Mon, 16 Jan 2017 23:58:07 GMT',
110 verbose headers   via: '1.1 varnish',
110 verbose headers   'cache-control': 'max-age=300',
110 verbose headers   etag: 'W/"5873a57a-be56"',
110 verbose headers   age: '34',
110 verbose headers   connection: 'keep-alive',
110 verbose headers   'x-served-by': 'cache-ams4443-AMS',
110 verbose headers   'x-cache': 'HIT',
110 verbose headers   'x-cache-hits': '1',
110 verbose headers   'x-timer': 'S1484611087.729480,VS0,VE0',
110 verbose headers   vary: 'Accept-Encoding' }
111 silly get cb [ 304,
111 silly get   { date: 'Mon, 16 Jan 2017 23:58:07 GMT',
111 silly get     via: '1.1 varnish',
111 silly get     'cache-control': 'max-age=300',
111 silly get     etag: 'W/"5873a57a-be56"',
111 silly get     age: '34',
111 silly get     connection: 'keep-alive',
111 silly get     'x-served-by': 'cache-ams4443-AMS',
111 silly get     'x-cache': 'HIT',
111 silly get     'x-cache-hits': '1',
111 silly get     'x-timer': 'S1484611087.729480,VS0,VE0',
111 silly get     vary: 'Accept-Encoding' } ]
112 verbose etag https://registry.npmjs.org/angular-ui-router from cache
113 verbose get saving angular-ui-router to C:\Users\yash\AppData\Roaming\npm-cache\registry.npmjs.org\angular-ui-router\.cache.json
114 verbose correctMkdir C:\Users\yash\AppData\Roaming\npm-cache correctMkdir not in flight; initializing
115 silly addNameRange number 2 { name: 'angular-ui-router',
115 silly addNameRange   range: '>=0.2.18 <0.3.0',
115 silly addNameRange   hasData: true }
116 silly addNameRange versions [ 'angular-ui-router',
116 silly addNameRange   [ '0.2.7',
116 silly addNameRange     '0.2.8',
116 silly addNameRange     '0.2.10',
116 silly addNameRange     '0.2.11',
116 silly addNameRange     '0.2.13',
116 silly addNameRange     '0.2.14',
116 silly addNameRange     '0.2.15',
116 silly addNameRange     '0.2.16',
116 silly addNameRange     '0.2.17',
116 silly addNameRange     '0.2.18',
116 silly addNameRange     '1.0.0-alpha.1',
116 silly addNameRange     '1.0.0-alpha.2',
116 silly addNameRange     '1.0.0-alpha.3',
116 silly addNameRange     '1.0.0-alpha.4',
116 silly addNameRange     '1.0.0-alpha.5',
116 silly addNameRange     '0.3.0',
116 silly addNameRange     '0.3.1',
116 silly addNameRange     '1.0.0-beta.1',
116 silly addNameRange     '1.0.0-beta.2',
116 silly addNameRange     '1.0.0-beta.3',
116 silly addNameRange     '0.3.2',
116 silly addNameRange     '1.0.0-rc.1' ] ]
117 silly addNamed angular-ui-router@0.2.18
118 verbose addNamed "0.2.18" is a plain semver version for angular-ui-router
119 silly mapToRegistry name angular-ui-router
120 silly mapToRegistry using default registry
121 silly mapToRegistry registry https://registry.npmjs.org/
122 silly mapToRegistry data Result {
122 silly mapToRegistry   raw: 'angular-ui-router',
122 silly mapToRegistry   scope: null,
122 silly mapToRegistry   name: 'angular-ui-router',
122 silly mapToRegistry   rawSpec: '',
122 silly mapToRegistry   spec: 'latest',
122 silly mapToRegistry   type: 'tag' }
123 silly mapToRegistry uri https://registry.npmjs.org/angular-ui-router
124 verbose addRemoteTarball https://registry.npmjs.org/angular-ui-router/-/angular-ui-router-0.2.18.tgz not in flight; adding
125 verbose addRemoteTarball [ 'https://registry.npmjs.org/angular-ui-router/-/angular-ui-router-0.2.18.tgz',
125 verbose addRemoteTarball   '1dad70415c73d7046fd2e130df03d62fb7464360' ]
126 info retry fetch attempt 1 at 5:28:08 AM
127 info attempt registry request try #1 at 5:28:08 AM
128 http fetch GET https://registry.npmjs.org/angular-ui-router/-/angular-ui-router-0.2.18.tgz
129 http 304 https://registry.npmjs.org/angular-storage
130 verbose headers { date: 'Mon, 16 Jan 2017 23:58:07 GMT',
130 verbose headers   via: '1.1 varnish',
130 verbose headers   'cache-control': 'max-age=300',
130 verbose headers   etag: 'W/"57321efc-5ed0"',
130 verbose headers   age: '0',
130 verbose headers   connection: 'keep-alive',
130 verbose headers   'x-served-by': 'cache-ams4140-AMS',
130 verbose headers   'x-cache': 'MISS',
130 verbose headers   'x-cache-hits': '0',
130 verbose headers   'x-timer': 'S1484611087.762204,VS0,VE15',
130 verbose headers   vary: 'Accept-Encoding' }
131 silly get cb [ 304,
131 silly get   { date: 'Mon, 16 Jan 2017 23:58:07 GMT',
131 silly get     via: '1.1 varnish',
131 silly get     'cache-control': 'max-age=300',
131 silly get     etag: 'W/"57321efc-5ed0"',
131 silly get     age: '0',
131 silly get     connection: 'keep-alive',
131 silly get     'x-served-by': 'cache-ams4140-AMS',
131 silly get     'x-cache': 'MISS',
131 silly get     'x-cache-hits': '0',
131 silly get     'x-timer': 'S1484611087.762204,VS0,VE15',
131 silly get     vary: 'Accept-Encoding' } ]
132 verbose etag https://registry.npmjs.org/angular-storage from cache
133 verbose get saving angular-storage to C:\Users\yash\AppData\Roaming\npm-cache\registry.npmjs.org\angular-storage\.cache.json
134 verbose correctMkdir C:\Users\yash\AppData\Roaming\npm-cache correctMkdir not in flight; initializing
135 silly mapToRegistry name angular-storage
136 silly mapToRegistry using default registry
137 silly mapToRegistry registry https://registry.npmjs.org/
138 silly mapToRegistry data Result {
138 silly mapToRegistry   raw: 'angular-storage',
138 silly mapToRegistry   scope: null,
138 silly mapToRegistry   name: 'angular-storage',
138 silly mapToRegistry   rawSpec: '',
138 silly mapToRegistry   spec: 'latest',
138 silly mapToRegistry   type: 'tag' }
139 silly mapToRegistry uri https://registry.npmjs.org/angular-storage
140 verbose addRemoteTarball https://registry.npmjs.org/angular-storage/-/angular-storage-0.0.13.tgz not in flight; adding
141 verbose addRemoteTarball [ 'https://registry.npmjs.org/angular-storage/-/angular-storage-0.0.13.tgz',
141 verbose addRemoteTarball   'd4c3f9a627faea75b80e45ad32ab39af9184d1f6' ]
142 info retry fetch attempt 1 at 5:28:08 AM
143 info attempt registry request try #1 at 5:28:08 AM
144 http fetch GET https://registry.npmjs.org/angular-storage/-/angular-storage-0.0.13.tgz
145 http fetch 200 https://registry.npmjs.org/angular-jwt/-/angular-jwt-0.0.9.tgz
146 http fetch 200 https://registry.npmjs.org/angular-ui-router/-/angular-ui-router-0.2.18.tgz
147 http fetch 200 https://registry.npmjs.org/angular-storage/-/angular-storage-0.0.13.tgz
148 silly fetchAndShaCheck shasum 912587b520189d28d089446c7faaf30ef7534313
149 verbose addTmpTarball C:\Users\yash\AppData\Local\Temp\npm-6244-47577a65\registry.npmjs.org\angular-jwt\-\angular-jwt-0.0.9.tgz not in flight; adding
150 verbose addTmpTarball already have metadata; skipping unpack for angular-jwt@0.0.9
151 verbose correctMkdir C:\Users\yash\AppData\Roaming\npm-cache correctMkdir not in flight; initializing
152 silly cache afterAdd angular-jwt@0.0.9
153 verbose afterAdd C:\Users\yash\AppData\Roaming\npm-cache\angular-jwt\0.0.9\package\package.json not in flight; writing
154 verbose correctMkdir C:\Users\yash\AppData\Roaming\npm-cache correctMkdir not in flight; initializing
155 verbose afterAdd C:\Users\yash\AppData\Roaming\npm-cache\angular-jwt\0.0.9\package\package.json written
156 silly fetchAndShaCheck shasum d4c3f9a627faea75b80e45ad32ab39af9184d1f6
157 verbose addTmpTarball C:\Users\yash\AppData\Local\Temp\npm-6244-47577a65\registry.npmjs.org\angular-storage\-\angular-storage-0.0.13.tgz not in flight; adding
158 verbose addTmpTarball already have metadata; skipping unpack for angular-storage@0.0.13
159 verbose correctMkdir C:\Users\yash\AppData\Roaming\npm-cache correctMkdir not in flight; initializing
160 silly cache afterAdd angular-storage@0.0.13
161 verbose afterAdd C:\Users\yash\AppData\Roaming\npm-cache\angular-storage\0.0.13\package\package.json not in flight; writing
162 verbose correctMkdir C:\Users\yash\AppData\Roaming\npm-cache correctMkdir not in flight; initializing
163 verbose afterAdd C:\Users\yash\AppData\Roaming\npm-cache\angular-storage\0.0.13\package\package.json written
164 silly fetchAndShaCheck shasum 1dad70415c73d7046fd2e130df03d62fb7464360
165 verbose addTmpTarball C:\Users\yash\AppData\Local\Temp\npm-6244-47577a65\registry.npmjs.org\angular-ui-router\-\angular-ui-router-0.2.18.tgz not in flight; adding
166 verbose addTmpTarball already have metadata; skipping unpack for angular-ui-router@0.2.18
167 verbose correctMkdir C:\Users\yash\AppData\Roaming\npm-cache correctMkdir not in flight; initializing
168 silly cache afterAdd angular-ui-router@0.2.18
169 verbose afterAdd C:\Users\yash\AppData\Roaming\npm-cache\angular-ui-router\0.2.18\package\package.json not in flight; writing
170 verbose correctMkdir C:\Users\yash\AppData\Roaming\npm-cache correctMkdir not in flight; initializing
171 verbose afterAdd C:\Users\yash\AppData\Roaming\npm-cache\angular-ui-router\0.2.18\package\package.json written
172 silly install resolved [ { name: 'angular-jwt',
172 silly install resolved     version: '0.0.9',
172 silly install resolved     description: 'Library to help you work with JWTs on AngularJS',
172 silly install resolved     main: 'index.js',
172 silly install resolved     author: { name: 'Martin Gontovnikas', email: 'martin@gon.to' },
172 silly install resolved     dependencies: {},
172 silly install resolved     devDependencies:
172 silly install resolved      { 'karma-mocha-reporter': '^0.3.1',
172 silly install resolved        chai: '^1.9.1',
172 silly install resolved        'chai-jquery': '^1.2.3',
172 silly install resolved        gulp: '^3.8.7',
172 silly install resolved        'gulp-concat': '^2.3.4',
172 silly install resolved        'gulp-ng-annotate': '^0.3.3',
172 silly install resolved        'gulp-rename': '^1.2.0',
172 silly install resolved        'gulp-uglify': '^0.3.1',
172 silly install resolved        karma: '^0.12.22',
172 silly install resolved        'karma-chai': '^0.1.0',
172 silly install resolved        'karma-chai-jquery': '^1.0.0',
172 silly install resolved        'karma-chrome-launcher': '^0.1.4',
172 silly install resolved        'karma-jasmine': '^0.1.5',
172 silly install resolved        'karma-jquery': '^0.1.0',
172 silly install resolved        'karma-mocha': '^0.1.8',
172 silly install resolved        'karma-phantomjs-launcher': '^0.1.4',
172 silly install resolved        'karma-sinon-chai': '^0.2.0',
172 silly install resolved        mocha: '^1.21.4',
172 silly install resolved        sinon: '^1.10.3',
172 silly install resolved        'sinon-chai': '^2.5.0' },
172 silly install resolved     engines: { node: '>=0.8.0' },
172 silly install resolved     gitHead: 'ce1c265a6a64ea474d68556acb83b11130787aac',
172 silly install resolved     _id: 'angular-jwt@0.0.9',
172 silly install resolved     scripts: {},
172 silly install resolved     _shasum: '912587b520189d28d089446c7faaf30ef7534313',
172 silly install resolved     _from: 'angular-jwt@0.0.9',
172 silly install resolved     _npmVersion: '1.4.21',
172 silly install resolved     _npmUser: { name: 'mgonto', email: 'martin@gon.to' },
172 silly install resolved     maintainers: [ [Object] ],
172 silly install resolved     dist:
172 silly install resolved      { shasum: '912587b520189d28d089446c7faaf30ef7534313',
172 silly install resolved        tarball: 'https://registry.npmjs.org/angular-jwt/-/angular-jwt-0.0.9.tgz' },
172 silly install resolved     directories: {},
172 silly install resolved     _resolved: 'https://registry.npmjs.org/angular-jwt/-/angular-jwt-0.0.9.tgz' },
172 silly install resolved   { name: 'angular-storage',
172 silly install resolved     version: '0.0.13',
172 silly install resolved     main: 'index.js',
172 silly install resolved     author: { name: 'Martin Gontovnikas', email: 'martin@gon.to' },
172 silly install resolved     repository:
172 silly install resolved      { type: 'git',
172 silly install resolved        url: 'https://github.com/auth0/angular-storage.git' },
172 silly install resolved     dependencies: {},
172 silly install resolved     devDependencies:
172 silly install resolved      { chai: '^1.9.1',
172 silly install resolved        'chai-jquery': '^1.2.3',
172 silly install resolved        gulp: '^3.9.0',
172 silly install resolved        'gulp-concat': '^2.3.4',
172 silly install resolved        'gulp-jshint': '^1.9.2',
172 silly install resolved        'gulp-ng-annotate': '^0.3.3',
172 silly install resolved        'gulp-rename': '^1.2.0',
172 silly install resolved        'gulp-uglify': '^0.3.1',
172 silly install resolved        'jshint-stylish': '^1.0.0',
172 silly install resolved        karma: '^0.12.22',
172 silly install resolved        'karma-chai': '^0.1.0',
172 silly install resolved        'karma-chai-jquery': '^1.0.0',
172 silly install resolved        'karma-chrome-launcher': '^0.1.4',
172 silly install resolved        'karma-coverage': '^0.2.7',
172 silly install resolved        'karma-detect-browsers': '^1.1.2',
172 silly install resolved        'karma-jasmine': '^0.1.5',
172 silly install resolved        'karma-jquery': '^0.1.0',
172 silly install resolved        'karma-mocha': '^0.1.8',
172 silly install resolved        'karma-mocha-reporter': '^1.0.1',
172 silly install resolved        'karma-phantomjs-launcher': '^0.1.4',
172 silly install resolved        'karma-sinon-chai': '^0.2.0',
172 silly install resolved        mocha: '^1.21.4',
172 silly install resolved        sinon: '^1.10.3',
172 silly install resolved        'sinon-chai': '^2.5.0' },
172 silly install resolved     engines: { node: '>=0.8.0' },
172 silly install resolved     gitHead: '9ef9c10603b8460668ad516d26af1302c62919d2',
172 silly install resolved     description: 'A Storage done right for AngularJS.',
172 silly install resolved     bugs: { url: 'https://github.com/auth0/angular-storage/issues' },
172 silly install resolved     homepage: 'https://github.com/auth0/angular-storage',
172 silly install resolved     _id: 'angular-storage@0.0.13',
172 silly install resolved     scripts: {},
172 silly install resolved     _shasum: 'd4c3f9a627faea75b80e45ad32ab39af9184d1f6',
172 silly install resolved     _from: 'angular-storage@0.0.13',
172 silly install resolved     _npmVersion: '1.4.21',
172 silly install resolved     _npmUser: { name: 'mgonto', email: 'martin@gon.to' },
172 silly install resolved     maintainers: [ [Object] ],
172 silly install resolved     dist:
172 silly install resolved      { shasum: 'd4c3f9a627faea75b80e45ad32ab39af9184d1f6',
172 silly install resolved        tarball: 'https://registry.npmjs.org/angular-storage/-/angular-storage-0.0.13.tgz' },
172 silly install resolved     directories: {},
172 silly install resolved     _resolved: 'https://registry.npmjs.org/angular-storage/-/angular-storage-0.0.13.tgz' },
172 silly install resolved   { name: 'angular-ui-router',
172 silly install resolved     description: 'State-based routing for AngularJS',
172 silly install resolved     version: '0.2.18',
172 silly install resolved     homepage: 'http://angular-ui.github.com/',
172 silly install resolved     contributors: [ [Object], [Object], [Object], [Object] ],
172 silly install resolved     maintainers: [ [Object], [Object], [Object] ],
172 silly install resolved     repository:
172 silly install resolved      { type: 'git',
172 silly install resolved        url: 'git+https://github.com/angular-ui/ui-router.git' },
172 silly install resolved     bugs: { url: 'https://github.com/angular-ui/ui-router/issues' },
172 silly install resolved     license: 'MIT',
172 silly install resolved     licenses: [ [Object] ],
172 silly install resolved     dependencies: { angular: '^1.0.8' },
172 silly install resolved     devDependencies:
172 silly install resolved      { 'faithful-exec': '~0.1.0',
172 silly install resolved        grunt: '~0.4.1',
172 silly install resolved        'grunt-contrib-clean': '~0.5.0',
172 silly install resolved        'grunt-contrib-concat': '~0.3.0',
172 silly install resolved        'grunt-contrib-connect': '~0.7.1',
172 silly install resolved        'grunt-contrib-jshint': '~0.8.0',
172 silly install resolved        'grunt-contrib-uglify': '~0.4.0',
172 silly install resolved        'grunt-contrib-watch': '~0.5.3',
172 silly install resolved        'grunt-conventional-changelog': '~1.1.0',
172 silly install resolved        'grunt-karma': '~0.6.2',
172 silly install resolved        'grunt-ngdocs': '~0.2.5',
172 silly install resolved        karma: '~0.10.4',
172 silly install resolved        'karma-chrome-launcher': '~0.1.0',
172 silly install resolved        'karma-coffee-preprocessor': '~0.1.0',
172 silly install resolved        'karma-firefox-launcher': '~0.1.0',
172 silly install resolved        'karma-html2js-preprocessor': '~0.1.0',
172 silly install resolved        'karma-jasmine': '~0.1.3',
172 silly install resolved        'karma-phantomjs-launcher': '~0.1.0',
172 silly install resolved        'karma-requirejs': '~0.2.0',
172 silly install resolved        'karma-script-launcher': '~0.1.0',
172 silly install resolved        'load-grunt-tasks': '~0.4.0',
172 silly install resolved        'phantomjs-polyfill': '0.0.1',
172 silly install resolved        requirejs: '^2.1.22',
172 silly install resolved        shelljs: '~0.2.6' },
172 silly install resolved     main: 'release/angular-ui-router.js',
172 silly install resolved     gitHead: 'ec6ca36b625e578e59e631b3c9e786a6ac70678c',
172 silly install resolved     _id: 'angular-ui-router@0.2.18',
172 silly install resolved     scripts: {},
172 silly install resolved     _shasum: '1dad70415c73d7046fd2e130df03d62fb7464360',
172 silly install resolved     _from: 'angular-ui-router@>=0.2.18 <0.3.0',
172 silly install resolved     _npmVersion: '3.3.12',
172 silly install resolved     _nodeVersion: '5.4.0',
172 silly install resolved     _npmUser:
172 silly install resolved      { name: 'christopherthielen',
172 silly install resolved        email: 'christopherthielen@ikkyikkyikkypikangzoopboing.com' },
172 silly install resolved     dist:
172 silly install resolved      { shasum: '1dad70415c73d7046fd2e130df03d62fb7464360',
172 silly install resolved        tarball: 'https://registry.npmjs.org/angular-ui-router/-/angular-ui-router-0.2.18.tgz' },
172 silly install resolved     _npmOperationalInternal:
172 silly install resolved      { host: 'packages-5-east.internal.npmjs.com',
172 silly install resolved        tmp: 'tmp/angular-ui-router-0.2.18.tgz_1454862455574_0.3742834459990263' },
172 silly install resolved     directories: {},
172 silly install resolved     _resolved: 'https://registry.npmjs.org/angular-ui-router/-/angular-ui-router-0.2.18.tgz' } ]
173 info install angular-jwt@0.0.9 into D:\angular_auth
174 info install angular-storage@0.0.13 into D:\angular_auth
175 info install angular-ui-router@0.2.18 into D:\angular_auth
176 info installOne angular-jwt@0.0.9
177 verbose installOne of angular-jwt to D:\angular_auth not in flight; installing
178 verbose correctMkdir C:\Users\yash\AppData\Roaming\npm-cache\_locks correctMkdir not in flight; initializing
179 info installOne angular-storage@0.0.13
180 verbose installOne of angular-storage to D:\angular_auth not in flight; installing
181 verbose correctMkdir C:\Users\yash\AppData\Roaming\npm-cache\_locks correctMkdir already in flight; waiting
182 info installOne angular-ui-router@0.2.18
183 verbose installOne of angular-ui-router to D:\angular_auth not in flight; installing
184 verbose correctMkdir C:\Users\yash\AppData\Roaming\npm-cache\_locks correctMkdir already in flight; waiting
185 verbose lock using C:\Users\yash\AppData\Roaming\npm-cache\_locks\angular-jwt-d648e2e16a130a72.lock for D:\angular_auth\node_modules\angular-jwt
186 verbose lock using C:\Users\yash\AppData\Roaming\npm-cache\_locks\angular-ui-router-c4e25d44da173af5.lock for D:\angular_auth\node_modules\angular-ui-router
187 verbose lock using C:\Users\yash\AppData\Roaming\npm-cache\_locks\angular-storage-604e7c95dd8fc4fe.lock for D:\angular_auth\node_modules\angular-storage
188 silly install write writing angular-jwt 0.0.9 to D:\angular_auth\node_modules\angular-jwt
189 silly install write writing angular-ui-router 0.2.18 to D:\angular_auth\node_modules\angular-ui-router
190 silly install write writing angular-storage 0.0.13 to D:\angular_auth\node_modules\angular-storage
191 verbose unbuild node_modules\angular-jwt
192 verbose unbuild node_modules\angular-ui-router
193 verbose unbuild node_modules\angular-storage
194 info preuninstall angular-jwt@0.1.8
195 info preuninstall angular-ui-router@0.3.2
196 info uninstall angular-jwt@0.1.8
197 info preuninstall angular-storage@0.0.15
198 info uninstall angular-ui-router@0.3.2
199 verbose unbuild rmStuff angular-jwt@0.1.8 from D:\angular_auth\node_modules
200 info postuninstall angular-jwt@0.1.8
201 info uninstall angular-storage@0.0.15
202 verbose unbuild rmStuff angular-ui-router@0.3.2 from D:\angular_auth\node_modules
203 info postuninstall angular-ui-router@0.3.2
204 silly gentlyRm D:\angular_auth\node_modules\angular-jwt is being purged from base D:\angular_auth
205 verbose gentlyRm don't care about contents; nuking D:\angular_auth\node_modules\angular-jwt
206 verbose unbuild rmStuff angular-storage@0.0.15 from D:\angular_auth\node_modules
207 info postuninstall angular-storage@0.0.15
208 silly gentlyRm D:\angular_auth\node_modules\angular-ui-router is being purged from base D:\angular_auth
209 verbose gentlyRm don't care about contents; nuking D:\angular_auth\node_modules\angular-ui-router
210 silly vacuum-fs purging D:\angular_auth\node_modules\angular-jwt
211 silly vacuum-fs purging D:\angular_auth\node_modules\angular-ui-router
212 silly gentlyRm D:\angular_auth\node_modules\angular-storage is being purged from base D:\angular_auth
213 verbose gentlyRm don't care about contents; nuking D:\angular_auth\node_modules\angular-storage
214 silly vacuum-fs purging D:\angular_auth\node_modules\angular-storage
215 silly vacuum-fs quitting because other entries in D:\angular_auth\node_modules
216 verbose tar unpack C:\Users\yash\AppData\Roaming\npm-cache\angular-ui-router\0.2.18\package.tgz
217 verbose tar unpacking to D:\angular_auth\node_modules\angular-ui-router
218 silly gentlyRm D:\angular_auth\node_modules\angular-ui-router is being purged
219 verbose gentlyRm don't care about contents; nuking D:\angular_auth\node_modules\angular-ui-router
220 silly gunzTarPerm modes [ '777', '666' ]
221 silly gunzTarPerm extractEntry package.json
222 silly gunzTarPerm modified mode [ 'package.json', 420, 438 ]
223 silly vacuum-fs quitting because other entries in D:\angular_auth\node_modules
224 verbose tar unpack C:\Users\yash\AppData\Roaming\npm-cache\angular-jwt\0.0.9\package.tgz
225 verbose tar unpacking to D:\angular_auth\node_modules\angular-jwt
226 silly gentlyRm D:\angular_auth\node_modules\angular-jwt is being purged
227 verbose gentlyRm don't care about contents; nuking D:\angular_auth\node_modules\angular-jwt
228 silly gunzTarPerm extractEntry README.md
229 silly gunzTarPerm modified mode [ 'README.md', 420, 438 ]
230 silly gunzTarPerm extractEntry LICENSE
231 silly gunzTarPerm modified mode [ 'LICENSE', 420, 438 ]
232 silly gunzTarPerm modes [ '777', '666' ]
233 silly vacuum-fs quitting because other entries in D:\angular_auth\node_modules
234 verbose tar unpack C:\Users\yash\AppData\Roaming\npm-cache\angular-storage\0.0.13\package.tgz
235 verbose tar unpacking to D:\angular_auth\node_modules\angular-storage
236 silly gentlyRm D:\angular_auth\node_modules\angular-storage is being purged
237 verbose gentlyRm don't care about contents; nuking D:\angular_auth\node_modules\angular-storage
238 silly gunzTarPerm modes [ '777', '666' ]
239 silly gunzTarPerm extractEntry package.json
240 silly gunzTarPerm modified mode [ 'package.json', 420, 438 ]
241 silly gunzTarPerm extractEntry CHANGELOG.md
242 silly gunzTarPerm modified mode [ 'CHANGELOG.md', 420, 438 ]
243 silly gunzTarPerm extractEntry package.json
244 silly gunzTarPerm modified mode [ 'package.json', 420, 438 ]
245 silly gunzTarPerm extractEntry CONTRIBUTING.md
246 silly gunzTarPerm modified mode [ 'CONTRIBUTING.md', 420, 438 ]
247 silly gunzTarPerm extractEntry .npmignore
248 silly gunzTarPerm modified mode [ '.npmignore', 493, 511 ]
249 silly gunzTarPerm extractEntry README.md
250 silly gunzTarPerm modified mode [ 'README.md', 493, 511 ]
251 silly gunzTarPerm extractEntry .npmignore
252 silly gunzTarPerm modified mode [ '.npmignore', 493, 511 ]
253 silly gunzTarPerm extractEntry README.md
254 silly gunzTarPerm modified mode [ 'README.md', 493, 511 ]
255 silly gunzTarPerm extractEntry ui-router2.ipr
256 silly gunzTarPerm modified mode [ 'ui-router2.ipr', 420, 438 ]
257 silly gunzTarPerm extractEntry release/angular-ui-router.js
258 silly gunzTarPerm modified mode [ 'release/angular-ui-router.js', 420, 438 ]
259 silly gunzTarPerm extractEntry gulpfile.js
260 silly gunzTarPerm modified mode [ 'gulpfile.js', 420, 438 ]
261 silly gunzTarPerm extractEntry index.js
262 silly gunzTarPerm modified mode [ 'index.js', 420, 438 ]
263 silly gunzTarPerm extractEntry gulpfile.js
264 silly gunzTarPerm modified mode [ 'gulpfile.js', 420, 438 ]
265 silly gunzTarPerm extractEntry index.js
266 silly gunzTarPerm modified mode [ 'index.js', 420, 438 ]
267 silly gunzTarPerm extractEntry release/angular-ui-router.min.js
268 silly gunzTarPerm modified mode [ 'release/angular-ui-router.min.js', 420, 438 ]
269 silly gunzTarPerm extractEntry src/common.js
270 silly gunzTarPerm modified mode [ 'src/common.js', 420, 438 ]
271 silly gunzTarPerm extractEntry karma-dist-concatenated.conf.js
272 silly gunzTarPerm modified mode [ 'karma-dist-concatenated.conf.js', 420, 438 ]
273 silly gunzTarPerm extractEntry src/state.js
274 silly gunzTarPerm modified mode [ 'src/state.js', 420, 438 ]
275 silly gunzTarPerm extractEntry karma-dist-concatenated.conf.js
276 silly gunzTarPerm modified mode [ 'karma-dist-concatenated.conf.js', 420, 438 ]
277 silly gunzTarPerm extractEntry karma-dist-minified.conf.js
278 silly gunzTarPerm modified mode [ 'karma-dist-minified.conf.js', 420, 438 ]
279 silly gunzTarPerm extractEntry karma-dist-minified.conf.js
280 silly gunzTarPerm modified mode [ 'karma-dist-minified.conf.js', 420, 438 ]
281 silly gunzTarPerm extractEntry karma-src.conf.js
282 silly gunzTarPerm modified mode [ 'karma-src.conf.js', 420, 438 ]
283 silly gunzTarPerm extractEntry src/stateDirectives.js
284 silly gunzTarPerm modified mode [ 'src/stateDirectives.js', 420, 438 ]
285 silly gunzTarPerm extractEntry src/stateFilters.js
286 silly gunzTarPerm modified mode [ 'src/stateFilters.js', 420, 438 ]
287 silly gunzTarPerm extractEntry karma-src-all.conf.js
288 silly gunzTarPerm modified mode [ 'karma-src-all.conf.js', 420, 438 ]
289 silly gunzTarPerm extractEntry dist/angular-jwt.js
290 silly gunzTarPerm modified mode [ 'dist/angular-jwt.js', 493, 511 ]
291 silly gunzTarPerm extractEntry dist/angular-jwt.min.js
292 silly gunzTarPerm modified mode [ 'dist/angular-jwt.min.js', 493, 511 ]
293 silly gunzTarPerm extractEntry src/resolve.js
294 silly gunzTarPerm modified mode [ 'src/resolve.js', 420, 438 ]
295 silly gunzTarPerm extractEntry src/urlMatcherFactory.js
296 silly gunzTarPerm modified mode [ 'src/urlMatcherFactory.js', 420, 438 ]
297 silly gunzTarPerm extractEntry karma-src.conf.js
298 silly gunzTarPerm modified mode [ 'karma-src.conf.js', 420, 438 ]
299 silly gunzTarPerm extractEntry dist/angular-storage.js
300 silly gunzTarPerm modified mode [ 'dist/angular-storage.js', 493, 511 ]
301 silly gunzTarPerm extractEntry src/urlRouter.js
302 silly gunzTarPerm modified mode [ 'src/urlRouter.js', 420, 438 ]
303 silly gunzTarPerm extractEntry src/view.js
304 silly gunzTarPerm modified mode [ 'src/view.js', 420, 438 ]
305 silly gunzTarPerm extractEntry src/viewDirective.js
306 silly gunzTarPerm modified mode [ 'src/viewDirective.js', 420, 438 ]
307 silly gunzTarPerm extractEntry src/viewScroll.js
308 silly gunzTarPerm modified mode [ 'src/viewScroll.js', 420, 438 ]
309 silly gunzTarPerm extractEntry src/templateFactory.js
310 silly gunzTarPerm modified mode [ 'src/templateFactory.js', 420, 438 ]
311 silly gunzTarPerm extractEntry ui-router2.iml
312 silly gunzTarPerm modified mode [ 'ui-router2.iml', 420, 438 ]
313 silly gunzTarPerm extractEntry ui-router2.iws
314 silly gunzTarPerm modified mode [ 'ui-router2.iws', 420, 438 ]
315 silly gunzTarPerm extractEntry .editorconfig
316 silly gunzTarPerm modified mode [ '.editorconfig', 420, 438 ]
317 silly gunzTarPerm extractEntry .jshintrc
318 silly gunzTarPerm modified mode [ '.jshintrc', 420, 438 ]
319 silly gunzTarPerm extractEntry dist/angular-storage.min.js
320 silly gunzTarPerm modified mode [ 'dist/angular-storage.min.js', 493, 511 ]
321 silly gunzTarPerm extractEntry .editorconfig
322 silly gunzTarPerm modified mode [ '.editorconfig', 420, 438 ]
323 silly gunzTarPerm extractEntry .yo-rc.json
324 silly gunzTarPerm modified mode [ '.yo-rc.json', 420, 438 ]
325 silly gunzTarPerm extractEntry History.md
326 silly gunzTarPerm modified mode [ 'History.md', 384, 438 ]
327 silly gunzTarPerm extractEntry .jshintrc
328 silly gunzTarPerm modified mode [ '.jshintrc', 420, 438 ]
329 silly gunzTarPerm extractEntry .yo-rc.json
330 silly gunzTarPerm modified mode [ '.yo-rc.json', 420, 438 ]
331 silly gunzTarPerm extractEntry LICENSE.txt
332 silly gunzTarPerm modified mode [ 'LICENSE.txt', 493, 511 ]
333 silly gunzTarPerm extractEntry .bowerrc
334 silly gunzTarPerm modified mode [ '.bowerrc', 493, 511 ]
335 silly gunzTarPerm extractEntry History.md
336 silly gunzTarPerm modified mode [ 'History.md', 384, 438 ]
337 silly gunzTarPerm extractEntry LICENSE.txt
338 silly gunzTarPerm modified mode [ 'LICENSE.txt', 493, 511 ]
339 silly gunzTarPerm extractEntry bower.json
340 silly gunzTarPerm modified mode [ 'bower.json', 493, 511 ]
341 silly gunzTarPerm extractEntry src/angularJwt/angularJwt.js
342 silly gunzTarPerm modified mode [ 'src/angularJwt/angularJwt.js', 493, 511 ]
343 silly gunzTarPerm extractEntry .bowerrc
344 silly gunzTarPerm modified mode [ '.bowerrc', 493, 511 ]
345 silly gunzTarPerm extractEntry src/angularStorage/angularStorage.js
346 silly gunzTarPerm modified mode [ 'src/angularStorage/angularStorage.js', 493, 511 ]
347 silly gunzTarPerm extractEntry src/angularJwt/angularJwt.prefix
348 silly gunzTarPerm modified mode [ 'src/angularJwt/angularJwt.prefix', 493, 511 ]
349 silly gunzTarPerm extractEntry src/angularJwt/angularJwt.suffix
350 silly gunzTarPerm modified mode [ 'src/angularJwt/angularJwt.suffix', 493, 511 ]
351 silly gunzTarPerm extractEntry src/angularStorage/angularStorage.prefix
352 silly gunzTarPerm modified mode [ 'src/angularStorage/angularStorage.prefix', 493, 511 ]
353 silly gunzTarPerm extractEntry src/angularStorage/angularStorage.suffix
354 silly gunzTarPerm modified mode [ 'src/angularStorage/angularStorage.suffix', 493, 511 ]
355 silly gunzTarPerm extractEntry src/angularJwt/services/interceptor.js
356 silly gunzTarPerm modified mode [ 'src/angularJwt/services/interceptor.js', 420, 438 ]
357 silly gunzTarPerm extractEntry src/angularJwt/services/jwt.js
358 silly gunzTarPerm modified mode [ 'src/angularJwt/services/jwt.js', 420, 438 ]
359 silly gunzTarPerm extractEntry test/unit/angularJwt/angularJwtSpec.js
360 silly gunzTarPerm modified mode [ 'test/unit/angularJwt/angularJwtSpec.js', 493, 511 ]
361 silly gunzTarPerm extractEntry test/unit/angularJwt/services/interceptorSpec.js
362 silly gunzTarPerm modified mode [ 'test/unit/angularJwt/services/interceptorSpec.js', 420, 438 ]
363 silly gunzTarPerm extractEntry test/unit/angularJwt/services/jwtSpec.js
364 silly gunzTarPerm modified mode [ 'test/unit/angularJwt/services/jwtSpec.js', 420, 438 ]
365 silly gunzTarPerm extractEntry src/angularStorage/services/cookieStorage.js
366 silly gunzTarPerm modified mode [ 'src/angularStorage/services/cookieStorage.js', 420, 438 ]
367 silly gunzTarPerm extractEntry src/angularStorage/services/internalStore.js
368 silly gunzTarPerm modified mode [ 'src/angularStorage/services/internalStore.js', 420, 438 ]
369 silly gunzTarPerm extractEntry src/angularStorage/services/localStorage.js
370 silly gunzTarPerm modified mode [ 'src/angularStorage/services/localStorage.js', 420, 438 ]
371 silly gunzTarPerm extractEntry src/angularStorage/services/sessionStorage.js
372 silly gunzTarPerm modified mode [ 'src/angularStorage/services/sessionStorage.js', 420, 438 ]
373 silly gunzTarPerm extractEntry src/angularStorage/services/store.js.js
374 silly gunzTarPerm modified mode [ 'src/angularStorage/services/store.js.js', 420, 438 ]
375 silly gunzTarPerm extractEntry bower.json
376 silly gunzTarPerm modified mode [ 'bower.json', 493, 511 ]
377 silly gunzTarPerm extractEntry test/unit/angularStorage/angularStorageSpec.js
378 silly gunzTarPerm modified mode [ 'test/unit/angularStorage/angularStorageSpec.js', 493, 511 ]
379 silly gunzTarPerm extractEntry test/unit/angularStorage/services/storeSpec.js
380 silly gunzTarPerm modified mode [ 'test/unit/angularStorage/services/storeSpec.js', 420, 438 ]
381 verbose write writing to D:\angular_auth\node_modules\angular-jwt\package.json
382 info preinstall angular-jwt@0.0.9
383 verbose readDependencies loading dependencies from D:\angular_auth\node_modules\angular-jwt\package.json
384 verbose readDependencies loading dependencies from D:\angular_auth\node_modules\angular-jwt\package.json
385 silly install resolved []
386 verbose about to build D:\angular_auth\node_modules\angular-jwt
387 info build D:\angular_auth\node_modules\angular-jwt
388 info linkStuff angular-jwt@0.0.9
389 silly linkStuff angular-jwt@0.0.9 has D:\angular_auth\node_modules as its parent node_modules
390 verbose linkBins angular-jwt@0.0.9
391 verbose linkMans angular-jwt@0.0.9
392 verbose rebuildBundles angular-jwt@0.0.9
393 info install angular-jwt@0.0.9
394 info postinstall angular-jwt@0.0.9
395 verbose write writing to D:\angular_auth\node_modules\angular-ui-router\package.json
396 verbose unlock done using C:\Users\yash\AppData\Roaming\npm-cache\_locks\angular-jwt-d648e2e16a130a72.lock for D:\angular_auth\node_modules\angular-jwt
397 info preinstall angular-ui-router@0.2.18
398 verbose readDependencies loading dependencies from D:\angular_auth\node_modules\angular-ui-router\package.json
399 verbose readDependencies loading dependencies from D:\angular_auth\node_modules\angular-ui-router\package.json
400 silly install resolved []
401 verbose about to build D:\angular_auth\node_modules\angular-ui-router
402 info build D:\angular_auth\node_modules\angular-ui-router
403 info linkStuff angular-ui-router@0.2.18
404 silly linkStuff angular-ui-router@0.2.18 has D:\angular_auth\node_modules as its parent node_modules
405 verbose linkBins angular-ui-router@0.2.18
406 verbose linkMans angular-ui-router@0.2.18
407 verbose rebuildBundles angular-ui-router@0.2.18
408 info install angular-ui-router@0.2.18
409 info postinstall angular-ui-router@0.2.18
410 verbose unlock done using C:\Users\yash\AppData\Roaming\npm-cache\_locks\angular-ui-router-c4e25d44da173af5.lock for D:\angular_auth\node_modules\angular-ui-router
411 verbose write writing to D:\angular_auth\node_modules\angular-storage\package.json
412 info preinstall angular-storage@0.0.13
413 verbose readDependencies loading dependencies from D:\angular_auth\node_modules\angular-storage\package.json
414 verbose readDependencies loading dependencies from D:\angular_auth\node_modules\angular-storage\package.json
415 silly install resolved []
416 verbose about to build D:\angular_auth\node_modules\angular-storage
417 info build D:\angular_auth\node_modules\angular-storage
418 info linkStuff angular-storage@0.0.13
419 silly linkStuff angular-storage@0.0.13 has D:\angular_auth\node_modules as its parent node_modules
420 verbose linkBins angular-storage@0.0.13
421 verbose linkMans angular-storage@0.0.13
422 verbose rebuildBundles angular-storage@0.0.13
423 info install angular-storage@0.0.13
424 info postinstall angular-storage@0.0.13
425 verbose unlock done using C:\Users\yash\AppData\Roaming\npm-cache\_locks\angular-storage-604e7c95dd8fc4fe.lock for D:\angular_auth\node_modules\angular-storage
426 info build D:\angular_auth
427 info linkStuff angular_auth@1.0.0
428 silly linkStuff angular_auth@1.0.0 has D:\ as its parent node_modules
429 verbose linkBins angular_auth@1.0.0
430 verbose linkMans angular_auth@1.0.0
431 verbose rebuildBundles angular_auth@1.0.0
432 verbose rebuildBundles [ 'angular',
432 verbose rebuildBundles   'angular-animate',
432 verbose rebuildBundles   'angular-aria',
432 verbose rebuildBundles   'angular-jwt',
432 verbose rebuildBundles   'angular-lock',
432 verbose rebuildBundles   'angular-material',
432 verbose rebuildBundles   'angular-messages',
432 verbose rebuildBundles   'angular-storage',
432 verbose rebuildBundles   'angular-ui-router',
432 verbose rebuildBundles   'auth0-angular' ]
433 verbose rebuild bundle D:\angular_auth\node_modules\angular-lock
434 info build D:\angular_auth\node_modules\angular-lock
435 info preinstall angular-lock@1.0.5
436 info linkStuff angular-lock@1.0.5
437 silly linkStuff angular-lock@1.0.5 has D:\angular_auth\node_modules as its parent node_modules
438 verbose linkBins angular-lock@1.0.5
439 verbose linkMans angular-lock@1.0.5
440 verbose rebuildBundles angular-lock@1.0.5
441 info install angular-lock@1.0.5
442 info postinstall angular-lock@1.0.5
443 verbose rebuild bundle D:\angular_auth\node_modules\angular-messages
444 info build D:\angular_auth\node_modules\angular-messages
445 info preinstall angular-messages@1.6.1
446 info linkStuff angular-messages@1.6.1
447 silly linkStuff angular-messages@1.6.1 has D:\angular_auth\node_modules as its parent node_modules
448 verbose linkBins angular-messages@1.6.1
449 verbose linkMans angular-messages@1.6.1
450 verbose rebuildBundles angular-messages@1.6.1
451 info install angular-messages@1.6.1
452 info postinstall angular-messages@1.6.1
453 info install angular_auth@1.0.0
454 info postinstall angular_auth@1.0.0
455 info prepublish angular_auth@1.0.0
456 verbose validateInstall loading D:\angular_auth\package.json for validation
457 verbose stack Error: The package angular@1.6.1 does not satisfy its siblings' peerDependencies requirements!
457 verbose stack     at C:\Program Files\nodejs\node_modules\npm\lib\install.js:125:32
457 verbose stack     at C:\Program Files\nodejs\node_modules\npm\lib\install.js:268:7
457 verbose stack     at C:\Program Files\nodejs\node_modules\npm\node_modules\read-installed\read-installed.js:142:5
457 verbose stack     at C:\Program Files\nodejs\node_modules\npm\node_modules\read-installed\read-installed.js:263:14
457 verbose stack     at cb (C:\Program Files\nodejs\node_modules\npm\node_modules\slide\lib\async-map.js:47:24)
457 verbose stack     at C:\Program Files\nodejs\node_modules\npm\node_modules\read-installed\read-installed.js:263:14
457 verbose stack     at asyncMap (C:\Program Files\nodejs\node_modules\npm\node_modules\slide\lib\async-map.js:27:18)
457 verbose stack     at next (C:\Program Files\nodejs\node_modules\npm\node_modules\read-installed\read-installed.js:234:5)
457 verbose stack     at C:\Program Files\nodejs\node_modules\npm\node_modules\read-installed\read-installed.js:167:12
457 verbose stack     at C:\Program Files\nodejs\node_modules\npm\node_modules\read-package-json\read-json.js:356:5
458 verbose cwd D:\angular_auth
459 error Windows_NT 6.1.7601
460 error argv "C:\\Program Files\\nodejs\\node.exe" "C:\\Program Files\\nodejs\\node_modules\\npm\\bin\\npm-cli.js" "install"
461 error node v4.4.5
462 error npm  v2.15.5
463 error code EPEERINVALID
464 error peerinvalid The package angular@1.6.1 does not satisfy its siblings' peerDependencies requirements!
464 error peerinvalid Peer angular-material@1.1.1 wants angular@>=1.3 <1.6
465 verbose exit [ 1, true ]
